<?xml version="1.0" encoding="UTF-8"?>
<!-- Generated by org.testng.reporters.JUnitReportReporter -->
<testsuite skipped="0" hostname="Ythns-iMac.local" name="paperboyTestScripts.SubscribeThruLoginPOM" tests="2" failures="0" timestamp="27 Nov 2018 10:46:27 GMT" time="58.156" errors="0">
  <testcase name="TC9a_SubscribePaperHome" time="27.445" classname="paperboyTestScripts.SubscribeThruLoginPOM"/>
  <testcase name="TC9b_SubscribeMagazineHome" time="30.711" classname="paperboyTestScripts.SubscribeThruLoginPOM"/>
</testsuite> <!-- paperboyTestScripts.SubscribeThruLoginPOM -->
