<?xml version="1.0" encoding="UTF-8"?>
<!-- Generated by org.testng.reporters.JUnitReportReporter -->
<testsuite skipped="0" hostname="Ythns-iMac.local" name="paperboyTestScripts.RenewPOM" tests="1" failures="0" timestamp="28 Nov 2018 09:52:04 GMT" time="31.656" errors="0">
  <testcase name="TC11a_Renew" time="31.656" classname="paperboyTestScripts.RenewPOM"/>
</testsuite> <!-- paperboyTestScripts.RenewPOM -->
