<?xml version="1.0" encoding="UTF-8"?>
<!-- Generated by org.testng.reporters.JUnitReportReporter -->
<testsuite skipped="1" hostname="Ythns-iMac.local" name="paperboyTestScripts.ForgotPWPOM" tests="3" failures="0" timestamp="22 Nov 2018 12:23:51 GMT" time="17.685" errors="0">
  <testcase name="TC6b_ForgotPW" time="6.508" classname="paperboyTestScripts.ForgotPWPOM"/>
  <testcase name="TC6a_ForgotPW" time="11.177" classname="paperboyTestScripts.ForgotPWPOM"/>
  <testcase name="Testcase6a" classname="paperboyTestScripts.ForgotPWPOM">
    <skipped/>
  </testcase> <!-- Testcase6a -->
</testsuite> <!-- paperboyTestScripts.ForgotPWPOM -->
