<?xml version="1.0" encoding="UTF-8"?>
<!-- Generated by org.testng.reporters.JUnitReportReporter -->
<testsuite skipped="0" hostname="Ythns-iMac.local" name="paperboyTestScripts.ChangePasswordPOM" tests="1" failures="0" timestamp="23 Nov 2018 06:10:43 GMT" time="17.492" errors="0">
  <testcase name="ChangePassword" time="17.492" classname="paperboyTestScripts.ChangePasswordPOM"/>
</testsuite> <!-- paperboyTestScripts.ChangePasswordPOM -->
