<?xml version="1.0" encoding="UTF-8"?>
<!-- Generated by org.testng.reporters.JUnitReportReporter -->
<testsuite skipped="0" hostname="Ythns-iMac.local" name="paperboyTestScripts.ForgotPassword" tests="6" failures="0" timestamp="04 Dec 2018 09:09:36 GMT" time="99.249" errors="0">
  <testcase name="TC6d_ForgotPWValidationForInvalidPh" time="6.563" classname="paperboyTestScripts.ForgotPassword"/>
  <testcase name="TC6c_ForgotPWValidationForInvalidEmail" time="6.501" classname="paperboyTestScripts.ForgotPassword"/>
  <testcase name="TC6e_ForgotPWValidationForValidEmail" time="3.497" classname="paperboyTestScripts.ForgotPassword"/>
  <testcase name="TC6b_ForgotPWValidationForEmptyData" time="6.451" classname="paperboyTestScripts.ForgotPassword"/>
  <testcase name="TC6a_ForgotPW" time="72.791" classname="paperboyTestScripts.ForgotPassword"/>
  <testcase name="TC6f_ForgotPWValidationForValidPh" time="3.446" classname="paperboyTestScripts.ForgotPassword"/>
</testsuite> <!-- paperboyTestScripts.ForgotPassword -->
