<?xml version="1.0" encoding="UTF-8"?>
<!-- Generated by org.testng.reporters.JUnitReportReporter -->
<testsuite skipped="0" hostname="Ythns-iMac.local" name="paperboyTestScripts.SubscribeThruLogin" tests="2" failures="0" timestamp="04 Dec 2018 09:09:36 GMT" time="58.111" errors="0">
  <testcase name="TC10b_SubscribeMagazineThruLogin" time="30.261" classname="paperboyTestScripts.SubscribeThruLogin"/>
  <testcase name="TC10a_SubscribePaperThruLogin" time="27.850" classname="paperboyTestScripts.SubscribeThruLogin"/>
</testsuite> <!-- paperboyTestScripts.SubscribeThruLogin -->
