<?xml version="1.0" encoding="UTF-8"?>
<!-- Generated by org.testng.reporters.JUnitReportReporter -->
<testsuite skipped="0" hostname="Ythns-iMac.local" name="paperboyTestScripts.ChangePassword" tests="1" failures="0" timestamp="04 Dec 2018 09:09:36 GMT" time="31.052" errors="0">
  <testcase name="TC7a_ChangePassword" time="31.052" classname="paperboyTestScripts.ChangePassword"/>
</testsuite> <!-- paperboyTestScripts.ChangePassword -->
