<?xml version="1.0" encoding="UTF-8"?>
<!-- Generated by org.testng.reporters.JUnitReportReporter -->
<testsuite skipped="0" hostname="Ythns-iMac.local" name="paperboyTestScripts.SearchPOM" tests="3" failures="0" timestamp="16 Nov 2018 14:18:04 GMT" time="16.371" errors="0">
  <testcase name="TC4b_SearchMagazine" time="4.202" classname="paperboyTestScripts.SearchPOM"/>
  <testcase name="TC4c_SearchState" time="4.220" classname="paperboyTestScripts.SearchPOM"/>
  <testcase name="TC4a_SearchPaper" time="7.949" classname="paperboyTestScripts.SearchPOM"/>
</testsuite> <!-- paperboyTestScripts.SearchPOM -->
