<?xml version="1.0" encoding="UTF-8"?>
<!-- Generated by org.testng.reporters.JUnitReportReporter -->
<testsuite skipped="0" hostname="Ythns-iMac.local" name="paperboyTestScripts.MetaContents" tests="7" failures="0" timestamp="04 Dec 2018 09:09:36 GMT" time="24.771" errors="0">
  <testcase name="TC8a_Home" time="3.419" classname="paperboyTestScripts.MetaContents"/>
  <testcase name="TC8c_EditionsReadPaper" time="3.441" classname="paperboyTestScripts.MetaContents"/>
  <testcase name="TC8d_ReaderPaper" time="3.341" classname="paperboyTestScripts.MetaContents"/>
  <testcase name="TC8b_LanguagePaper" time="3.335" classname="paperboyTestScripts.MetaContents"/>
  <testcase name="TC8f_EditionsReadMagazine" time="4.777" classname="paperboyTestScripts.MetaContents"/>
  <testcase name="TC8g_ReaderMagazine" time="3.159" classname="paperboyTestScripts.MetaContents"/>
  <testcase name="TC8e_LanguageMagazine" time="3.299" classname="paperboyTestScripts.MetaContents"/>
</testsuite> <!-- paperboyTestScripts.MetaContents -->
