<?xml version="1.0" encoding="UTF-8"?>
<!-- Generated by org.testng.reporters.JUnitReportReporter -->
<testsuite skipped="1" hostname="Ythns-iMac.local" name="paperboyTestScripts.MetaContentsPOM" tests="7" failures="0" timestamp="15 Nov 2018 09:19:45 GMT" time="19.432" errors="0">
  <testcase name="Testcase8d" time="3.036" classname="paperboyTestScripts.MetaContentsPOM"/>
  <testcase name="Testcase8c" time="2.992" classname="paperboyTestScripts.MetaContentsPOM"/>
  <testcase name="Testcase8e" time="2.894" classname="paperboyTestScripts.MetaContentsPOM"/>
  <testcase name="Testcase8a" time="4.288" classname="paperboyTestScripts.MetaContentsPOM"/>
  <testcase name="Testcase8f" time="3.383" classname="paperboyTestScripts.MetaContentsPOM"/>
  <testcase name="Testcase8b" time="2.839" classname="paperboyTestScripts.MetaContentsPOM"/>
  <testcase name="Testcase8g" classname="paperboyTestScripts.MetaContentsPOM">
    <skipped/>
  </testcase> <!-- Testcase8g -->
</testsuite> <!-- paperboyTestScripts.MetaContentsPOM -->
