<?xml version="1.0" encoding="UTF-8"?>
<!-- Generated by org.testng.reporters.JUnitReportReporter -->
<testsuite skipped="1" hostname="Ythns-iMac.local" name="paperboyTestScripts.ShareUrlCheck" tests="2" failures="0" timestamp="06 Dec 2018 07:31:46 GMT" time="56.893" errors="0">
  <testcase name="TC15b_ShareUrlVerify" time="56.893" classname="paperboyTestScripts.ShareUrlCheck"/>
  <testcase name="TC15a_ShareUrlVerify" classname="paperboyTestScripts.ShareUrlCheck">
    <skipped/>
  </testcase> <!-- TC15a_ShareUrlVerify -->
</testsuite> <!-- paperboyTestScripts.ShareUrlCheck -->
