<?xml version="1.0" encoding="UTF-8"?>
<!-- Generated by org.testng.reporters.JUnitReportReporter -->
<testsuite skipped="0" hostname="Ythns-iMac.local" name="paperboyTestScripts.Subscribe" tests="4" failures="0" timestamp="04 Dec 2018 09:09:36 GMT" time="119.957" errors="0">
  <testcase name="TC9b_SubscribeMagazineHome" time="30.133" classname="paperboyTestScripts.Subscribe"/>
  <testcase name="TC9c_SubscribeRecommendation" time="29.207" classname="paperboyTestScripts.Subscribe"/>
  <testcase name="TC9d_SubscribeThruReader" time="31.433" classname="paperboyTestScripts.Subscribe"/>
  <testcase name="TC9a_SubscribePaperHome" time="29.184" classname="paperboyTestScripts.Subscribe"/>
</testsuite> <!-- paperboyTestScripts.Subscribe -->
