<?xml version="1.0" encoding="UTF-8"?>
<!-- Generated by org.testng.reporters.JUnitReportReporter -->
<testsuite skipped="0" hostname="Ythns-iMac.local" name="paperboyTestScripts.UnsubscribePOM" tests="1" failures="0" timestamp="28 Nov 2018 10:47:20 GMT" time="24.406" errors="0">
  <testcase name="TC11a_Renew" time="24.406" classname="paperboyTestScripts.UnsubscribePOM"/>
</testsuite> <!-- paperboyTestScripts.UnsubscribePOM -->
