<?xml version="1.0" encoding="UTF-8"?>
<!-- Generated by org.testng.reporters.JUnitReportReporter -->
<testsuite skipped="0" hostname="Ythns-iMac.local" name="paperboyTestScripts.SubscribePOM" tests="4" failures="0" timestamp="23 Nov 2018 13:27:46 GMT" time="98.258" errors="0">
  <testcase name="TC9d_SubscribeThruReader" time="25.198" classname="paperboyTestScripts.SubscribePOM"/>
  <testcase name="TC9a_SubscribePaperHome" time="24.996" classname="paperboyTestScripts.SubscribePOM"/>
  <testcase name="TC9b_SubscribeMagazineHome" time="24.275" classname="paperboyTestScripts.SubscribePOM"/>
  <testcase name="TC9c_SubscribeRecommendation" time="23.789" classname="paperboyTestScripts.SubscribePOM"/>
</testsuite> <!-- paperboyTestScripts.SubscribePOM -->
