<?xml version="1.0" encoding="UTF-8"?>
<!-- Generated by org.testng.reporters.JUnitReportReporter -->
<testsuite skipped="0" hostname="Ythns-iMac.local" name="paperboyTestScripts.LoginPOM" tests="22" failures="0" timestamp="15 Nov 2018 10:02:57 GMT" time="114.346" errors="0">
  <testcase name="TC1b08LoginValidationForInvalidEmail1" time="0.507" classname="paperboyTestScripts.LoginPOM"/>
  <testcase name="TC1d01FreshFBLogin" time="12.579" classname="paperboyTestScripts.LoginPOM"/>
  <testcase name="TC1b07LoginValidationForValidPhNo" time="7.556" classname="paperboyTestScripts.LoginPOM"/>
  <testcase name="TC1b10LoginValidationForValidEmail1" time="7.578" classname="paperboyTestScripts.LoginPOM"/>
  <testcase name="TC1b11LoginValidationForValidEmail2" time="7.626" classname="paperboyTestScripts.LoginPOM"/>
  <testcase name="TC1c01LoginValidationForInvalidPassword1" time="0.709" classname="paperboyTestScripts.LoginPOM"/>
  <testcase name="TC1a03LoginValidationForEmptyPassword" time="0.611" classname="paperboyTestScripts.LoginPOM"/>
  <testcase name="TC1b05LoginValidationForInvalidPhNo5" time="0.538" classname="paperboyTestScripts.LoginPOM"/>
  <testcase name="TC1c02LoginValidationForValidPassword" time="7.713" classname="paperboyTestScripts.LoginPOM"/>
  <testcase name="TC1b04LoginValidationForInvalidPhNo4" time="0.692" classname="paperboyTestScripts.LoginPOM"/>
  <testcase name="TC1b01LoginValidationForInvalidPhNo1" time="0.534" classname="paperboyTestScripts.LoginPOM"/>
  <testcase name="TC1b12LoginValidationForValidEmail3" time="7.609" classname="paperboyTestScripts.LoginPOM"/>
  <testcase name="TC1b02LoginValidationForInvalidPhNo2" time="0.632" classname="paperboyTestScripts.LoginPOM"/>
  <testcase name="TC1b13LoginValidationForValidEmail4" time="7.608" classname="paperboyTestScripts.LoginPOM"/>
  <testcase name="TC1d02FreshGoogleLogin" time="16.744" classname="paperboyTestScripts.LoginPOM"/>
  <testcase name="TC1b09LoginValidationForInvalidEmail2" time="0.660" classname="paperboyTestScripts.LoginPOM"/>
  <testcase name="TC1b03LoginValidationForInvalidPhNo3" time="0.643" classname="paperboyTestScripts.LoginPOM"/>
  <testcase name="TC1a02LoginValidationForEmptyEmail" time="0.601" classname="paperboyTestScripts.LoginPOM"/>
  <testcase name="TC1a01LoginValidationForEmptyData" time="0.314" classname="paperboyTestScripts.LoginPOM"/>
  <testcase name="TC1b06LoginValidationForInvalidPhNo6" time="0.592" classname="paperboyTestScripts.LoginPOM"/>
  <testcase name="TC01Login" time="8.503" classname="paperboyTestScripts.LoginPOM"/>
  <testcase name="TC1e01otherFunctions" time="23.797" classname="paperboyTestScripts.LoginPOM"/>
</testsuite> <!-- paperboyTestScripts.LoginPOM -->
