<?xml version="1.0" encoding="UTF-8"?>
<!-- Generated by org.testng.reporters.JUnitReportReporter -->
<testsuite skipped="0" hostname="Ythns-iMac.local" name="paperboyTestScripts.LoginRedirection" tests="2" failures="0" timestamp="04 Dec 2018 09:09:36 GMT" time="21.432" errors="0">
  <testcase name="TC3b_LoginRedirectionMypapers" time="10.726" classname="paperboyTestScripts.LoginRedirection"/>
  <testcase name="TC3a_LoginRedirectionHome" time="10.706" classname="paperboyTestScripts.LoginRedirection"/>
</testsuite> <!-- paperboyTestScripts.LoginRedirection -->
