<?xml version="1.0" encoding="UTF-8"?>
<!-- Generated by org.testng.reporters.JUnitReportReporter -->
<testsuite skipped="0" hostname="Ythns-iMac.local" name="paperboyTestScripts.LoginRedirectionPOM" tests="2" failures="0" timestamp="15 Nov 2018 09:52:30 GMT" time="13.830" errors="0">
  <testcase name="TC03aLoginRedirectionHome" time="8.194" classname="paperboyTestScripts.LoginRedirectionPOM"/>
  <testcase name="TC03bLoginRedirectionMypapers" time="5.636" classname="paperboyTestScripts.LoginRedirectionPOM"/>
</testsuite> <!-- paperboyTestScripts.LoginRedirectionPOM -->
